#
# There is insufficient memory for the Java Runtime Environment to continue.
# Native memory allocation (malloc) failed to allocate 1069504 bytes for Chunk::new
# Possible reasons:
#   The system is out of physical RAM or swap space
#   The process is running with CompressedOops enabled, and the Java Heap may be blocking the growth of the native heap
# Possible solutions:
#   Reduce memory load on the system
#   Increase physical memory or swap space
#   Check if swap backing store is full
#   Decrease Java heap size (-Xmx/-Xms)
#   Decrease number of Java threads
#   Decrease Java thread stack sizes (-Xss)
#   Set larger code cache with -XX:ReservedCodeCacheSize=
#   JVM is running with Unscaled Compressed Oops mode in which the Java heap is
#     placed in the first 4GB address space. The Java Heap base address is the
#     maximum limit for the native heap growth. Please use -XX:HeapBaseMinAddress
#     to set the Java Heap base and to place the Java Heap above 4GB virtual address.
# This output file may be truncated or incomplete.
#
#  Out of Memory Error (allocation.cpp:389), pid=13812, tid=0x000000000000018c
#
# JRE version: OpenJDK Runtime Environment (8.0_202-b03) (build 1.8.0_202-release-1483-b03)
# Java VM: OpenJDK 64-Bit Server VM (25.202-b03 mixed mode windows-amd64 compressed oops)
# Failed to write core dump. Minidumps are not enabled by default on client versions of Windows
#

---------------  T H R E A D  ---------------

Current thread (0x0000000008897000):  JavaThread "C2 CompilerThread2" daemon [_thread_in_native, id=396, stack(0x000000000a3a0000,0x000000000a4a0000)]

Stack: [0x000000000a3a0000,0x000000000a4a0000]
[error occurred during error reporting (printing stack bounds), id 0xc0000005]

Native frames: (J=compiled Java code, j=interpreted, Vv=VM code, C=native code)


Current CompileTask:
C2:   8005 4285       4       java.security.SecureClassLoader::defineClass (16 bytes)


---------------  P R O C E S S  ---------------

Java Threads: ( => current thread )
  0x000000000c678800 JavaThread "Build operations Thread 2" [_thread_blocked, id=10452, stack(0x00000000634d0000,0x00000000635d0000)]
  0x000000000c678000 JavaThread "Build operations" [_thread_in_native, id=7240, stack(0x0000000063350000,0x0000000063450000)]
  0x000000000c676800 JavaThread "Cache worker for execution history cache (C:\Users\Administrator\.gradle\caches\6.0.1\executionHistory)" [_thread_blocked, id=6932, stack(0x000000000ebd0000,0x000000000ecd0000)]
  0x000000000c675800 JavaThread "Cache worker for cache directory md-rule (C:\Users\Administrator\.gradle\caches\6.0.1\md-rule)" [_thread_blocked, id=9308, stack(0x0000000061660000,0x0000000061760000)]
  0x000000000c675000 JavaThread "Cache worker for cache directory md-supplier (C:\Users\Administrator\.gradle\caches\6.0.1\md-supplier)" [_thread_blocked, id=8432, stack(0x000000000ef00000,0x000000000f000000)]
  0x000000000c671000 JavaThread "Cache worker for file hash cache (D:\GitCode\MyApplication\.gradle\6.0.1\fileHashes)" [_thread_blocked, id=12724, stack(0x000000000e250000,0x000000000e350000)]
  0x000000000c670800 JavaThread "Cache worker for journal cache (C:\Users\Administrator\.gradle\caches\journal-1)" [_thread_blocked, id=7352, stack(0x000000000eab0000,0x000000000ebb0000)]
  0x000000000c66f800 JavaThread "File lock request listener" [_thread_in_native, id=7580, stack(0x000000000dc00000,0x000000000dd00000)]
  0x000000000c61b000 JavaThread "Cache worker for file hash cache (C:\Users\Administrator\.gradle\caches\6.0.1\fileHashes)" [_thread_blocked, id=11544, stack(0x000000000e8b0000,0x000000000e9b0000)]
  0x000000000c6aa800 JavaThread "Thread-9" [_thread_blocked, id=13372, stack(0x000000000e4e0000,0x000000000e5e0000)]
  0x000000000c5da800 JavaThread "Stdin handler" [_thread_blocked, id=9076, stack(0x000000000e350000,0x000000000e450000)]
  0x000000000c5be000 JavaThread "Asynchronous log dispatcher for DefaultDaemonConnection: socket connection from /127.0.0.1:10453 to /127.0.0.1:10454" [_thread_blocked, id=10788, stack(0x000000000e130000,0x000000000e230000)]
  0x000000000c5de000 JavaThread "Daemon worker" [_thread_in_native, id=9460, stack(0x000000000df50000,0x000000000e050000)]
  0x000000000c5c6800 JavaThread "Cancel handler" [_thread_blocked, id=12436, stack(0x000000000dd50000,0x000000000de50000)]
  0x000000000c565000 JavaThread "Handler for socket connection from /127.0.0.1:10453 to /127.0.0.1:10454" [_thread_in_native, id=4664, stack(0x000000000d8f0000,0x000000000d9f0000)]
  0x000000000c560000 JavaThread "Daemon" [_thread_blocked, id=4000, stack(0x000000000d6f0000,0x000000000d7f0000)]
  0x000000000c535800 JavaThread "Daemon periodic checks" [_thread_blocked, id=10724, stack(0x000000000d520000,0x000000000d620000)]
  0x000000000c533000 JavaThread "Incoming local TCP Connector on port 10453" [_thread_in_native, id=14032, stack(0x000000000d320000,0x000000000d420000)]
  0x000000000c434800 JavaThread "Daemon health stats" [_thread_blocked, id=236, stack(0x000000000d0b0000,0x000000000d1b0000)]
  0x0000000008927000 JavaThread "Service Thread" daemon [_thread_blocked, id=10212, stack(0x000000000a5d0000,0x000000000a6d0000)]
  0x0000000008898000 JavaThread "C1 CompilerThread3" daemon [_thread_blocked, id=13380, stack(0x0000000009ff0000,0x000000000a0f0000)]
=>0x0000000008897000 JavaThread "C2 CompilerThread2" daemon [_thread_in_native, id=396, stack(0x000000000a3a0000,0x000000000a4a0000)]
  0x0000000008890000 JavaThread "C2 CompilerThread1" daemon [_thread_blocked, id=12708, stack(0x000000000a290000,0x000000000a390000)]
  0x000000000888f800 JavaThread "C2 CompilerThread0" daemon [_thread_blocked, id=2828, stack(0x000000000a150000,0x000000000a250000)]
  0x000000000888e000 JavaThread "Attach Listener" daemon [_thread_blocked, id=12992, stack(0x0000000009e70000,0x0000000009f70000)]
  0x000000000888d000 JavaThread "Signal Dispatcher" daemon [_thread_blocked, id=9296, stack(0x0000000009cf0000,0x0000000009df0000)]
  0x00000000078c1000 JavaThread "Finalizer" daemon [_thread_blocked, id=13220, stack(0x0000000009b30000,0x0000000009c30000)]
  0x00000000078ba800 JavaThread "Reference Handler" daemon [_thread_blocked, id=5596, stack(0x00000000099c0000,0x0000000009ac0000)]
  0x00000000022de800 JavaThread "main" [_thread_blocked, id=9736, stack(0x0000000002730000,0x0000000002830000)]

Other Threads:
  0x00000000078b1800 VMThread [stack: 0x0000000009800000,0x0000000009900000] [id=5588]
  0x00000000088d5000 WatcherThread [stack: 0x000000000a4a0000,0x000000000a5a0000] [id=12312]

VM state:not at safepoint (normal execution)

VM Mutex/Monitor currently owned by a thread: None

heap address: 0x00000000a0000000, size: 1536 MB, Compressed Oops mode: 32-bit
Narrow klass base: 0x0000000000000000, Narrow klass shift: 0
Compressed class space size: 1073741824 Address: 0x000000001e010000

Heap:
 PSYoungGen      total 239616K, used 22629K [0x00000000e0000000, 0x00000000f0f00000, 0x0000000100000000)
  eden space 230400K, 9% used [0x00000000e0000000,0x00000000e1619688,0x00000000ee100000)
  from space 9216K, 0% used [0x00000000f0600000,0x00000000f0600000,0x00000000f0f00000)
  to   space 13312K, 0% used [0x00000000ef500000,0x00000000ef500000,0x00000000f0200000)
 ParOldGen       total 139264K, used 22878K [0x00000000a0000000, 0x00000000a8800000, 0x00000000e0000000)
  object space 139264K, 16% used [0x00000000a0000000,0x00000000a1657b18,0x00000000a8800000)
 Metaspace       used 41979K, capacity 43326K, committed 43520K, reserved 1087488K
  class space    used 5551K, capacity 5870K, committed 5888K, reserved 1048576K

Card table byte_map: [0x0000000002bf0000,0x0000000002f00000] byte_map_base: 0x00000000026f0000

Marking Bits: (ParMarkBitMap*) 0x0000000067039f30
 Begin Bits: [0x0000000003bd0000, 0x00000000053d0000)
 End Bits:   [0x00000000053d0000, 0x0000000006bd0000)

Polling page: 0x00000000001c0000

CodeCache: size=245760Kb used=14760Kb max_used=15976Kb free=230999Kb
 bounds [0x000000000f010000, 0x000000000ffc0000, 0x000000001e010000]
 total_blobs=4561 nmethods=3807 adapters=665
 compilation: enabled

Compilation events (10 events):
Event: 8.001 Thread 0x0000000008898000 nmethod 4335 0x000000000fa31210 code [0x000000000fa31360, 0x000000000fa31490]
Event: 8.001 Thread 0x0000000008898000 4336       3       sun.security.provider.SHA2::lf_delta0 (20 bytes)
Event: 8.001 Thread 0x0000000008898000 nmethod 4336 0x000000000f270710 code [0x000000000f270880, 0x000000000f270af0]
Event: 8.001 Thread 0x0000000008898000 4338       3       sun.security.provider.SHA2::lf_ch (10 bytes)
Event: 8.001 Thread 0x0000000008898000 nmethod 4338 0x000000000f6e1890 code [0x000000000f6e19e0, 0x000000000f6e1b30]
Event: 8.001 Thread 0x0000000008898000 4342       1       sun.security.provider.SHA2::lf_S (11 bytes)
Event: 8.001 Thread 0x0000000008898000 nmethod 4342 0x000000000f3aabd0 code [0x000000000f3aad20, 0x000000000f3aae30]
Event: 8.001 Thread 0x0000000008898000 4339       3       sun.security.provider.SHA2::lf_maj (12 bytes)
Event: 8.001 Thread 0x0000000008898000 nmethod 4339 0x000000000f3aa890 code [0x000000000f3aa9e0, 0x000000000f3aab30]
Event: 8.001 Thread 0x0000000008898000 4340       3       sun.security.provider.SHA2::lf_sigma1 (21 bytes)

GC Heap History (10 events):
Event: 6.410 GC heap before
{Heap before GC invocations=9 (full 1):
 PSYoungGen      total 119296K, used 116313K [0x00000000e0000000, 0x00000000ebf80000, 0x0000000100000000)
  eden space 107008K, 100% used [0x00000000e0000000,0x00000000e6880000,0x00000000e6880000)
  from space 12288K, 75% used [0x00000000e6880000,0x00000000e71964c8,0x00000000e7480000)
  to   space 11776K, 0% used [0x00000000eb400000,0x00000000eb400000,0x00000000ebf80000)
 ParOldGen       total 97792K, used 8634K [0x00000000a0000000, 0x00000000a5f80000, 0x00000000e0000000)
  object space 97792K, 8% used [0x00000000a0000000,0x00000000a086eaf8,0x00000000a5f80000)
 Metaspace       used 34112K, capacity 34886K, committed 35072K, reserved 1079296K
  class space    used 4572K, capacity 4807K, committed 4864K, reserved 1048576K
Event: 6.422 GC heap after
Heap after GC invocations=9 (full 1):
 PSYoungGen      total 183296K, used 11766K [0x00000000e0000000, 0x00000000ec700000, 0x0000000100000000)
  eden space 171520K, 0% used [0x00000000e0000000,0x00000000e0000000,0x00000000ea780000)
  from space 11776K, 99% used [0x00000000eb400000,0x00000000ebf7d9f0,0x00000000ebf80000)
  to   space 12800K, 0% used [0x00000000ea780000,0x00000000ea780000,0x00000000eb400000)
 ParOldGen       total 97792K, used 9010K [0x00000000a0000000, 0x00000000a5f80000, 0x00000000e0000000)
  object space 97792K, 9% used [0x00000000a0000000,0x00000000a08ccb28,0x00000000a5f80000)
 Metaspace       used 34112K, capacity 34886K, committed 35072K, reserved 1079296K
  class space    used 4572K, capacity 4807K, committed 4864K, reserved 1048576K
}
Event: 6.599 GC heap before
{Heap before GC invocations=10 (full 1):
 PSYoungGen      total 183296K, used 31166K [0x00000000e0000000, 0x00000000ec700000, 0x0000000100000000)
  eden space 171520K, 11% used [0x00000000e0000000,0x00000000e12f1e68,0x00000000ea780000)
  from space 11776K, 99% used [0x00000000eb400000,0x00000000ebf7d9f0,0x00000000ebf80000)
  to   space 12800K, 0% used [0x00000000ea780000,0x00000000ea780000,0x00000000eb400000)
 ParOldGen       total 97792K, used 9010K [0x00000000a0000000, 0x00000000a5f80000, 0x00000000e0000000)
  object space 97792K, 9% used [0x00000000a0000000,0x00000000a08ccb28,0x00000000a5f80000)
 Metaspace       used 34558K, capacity 35328K, committed 35456K, reserved 1079296K
  class space    used 4622K, capacity 4887K, committed 4992K, reserved 1048576K
Event: 6.617 GC heap after
Heap after GC invocations=10 (full 1):
 PSYoungGen      total 184320K, used 2440K [0x00000000e0000000, 0x00000000f1380000, 0x0000000100000000)
  eden space 171520K, 0% used [0x00000000e0000000,0x00000000e0000000,0x00000000ea780000)
  from space 12800K, 19% used [0x00000000ea780000,0x00000000ea9e22a0,0x00000000eb400000)
  to   space 13824K, 0% used [0x00000000f0600000,0x00000000f0600000,0x00000000f1380000)
 ParOldGen       total 97792K, used 14020K [0x00000000a0000000, 0x00000000a5f80000, 0x00000000e0000000)
  object space 97792K, 14% used [0x00000000a0000000,0x00000000a0db1388,0x00000000a5f80000)
 Metaspace       used 34558K, capacity 35328K, committed 35456K, reserved 1079296K
  class space    used 4622K, capacity 4887K, committed 4992K, reserved 1048576K
}
Event: 6.617 GC heap before
{Heap before GC invocations=11 (full 2):
 PSYoungGen      total 184320K, used 2440K [0x00000000e0000000, 0x00000000f1380000, 0x0000000100000000)
  eden space 171520K, 0% used [0x00000000e0000000,0x00000000e0000000,0x00000000ea780000)
  from space 12800K, 19% used [0x00000000ea780000,0x00000000ea9e22a0,0x00000000eb400000)
  to   space 13824K, 0% used [0x00000000f0600000,0x00000000f0600000,0x00000000f1380000)
 ParOldGen       total 97792K, used 14020K [0x00000000a0000000, 0x00000000a5f80000, 0x00000000e0000000)
  object space 97792K, 14% used [0x00000000a0000000,0x00000000a0db1388,0x00000000a5f80000)
 Metaspace       used 34558K, capacity 35328K, committed 35456K, reserved 1079296K
  class space    used 4622K, capacity 4887K, committed 4992K, reserved 1048576K
Event: 6.725 GC heap after
Heap after GC invocations=11 (full 2):
 PSYoungGen      total 184320K, used 0K [0x00000000e0000000, 0x00000000f1380000, 0x0000000100000000)
  eden space 171520K, 0% used [0x00000000e0000000,0x00000000e0000000,0x00000000ea780000)
  from space 12800K, 0% used [0x00000000ea780000,0x00000000ea780000,0x00000000eb400000)
  to   space 13824K, 0% used [0x00000000f0600000,0x00000000f0600000,0x00000000f1380000)
 ParOldGen       total 139264K, used 14857K [0x00000000a0000000, 0x00000000a8800000, 0x00000000e0000000)
  object space 139264K, 10% used [0x00000000a0000000,0x00000000a0e82480,0x00000000a8800000)
 Metaspace       used 34476K, capacity 35230K, committed 35456K, reserved 1079296K
  class space    used 4595K, capacity 4857K, committed 4992K, reserved 1048576K
}
Event: 7.610 GC heap before
{Heap before GC invocations=12 (full 2):
 PSYoungGen      total 184320K, used 112378K [0x00000000e0000000, 0x00000000f1380000, 0x0000000100000000)
  eden space 171520K, 65% used [0x00000000e0000000,0x00000000e6dbea60,0x00000000ea780000)
  from space 12800K, 0% used [0x00000000ea780000,0x00000000ea780000,0x00000000eb400000)
  to   space 13824K, 0% used [0x00000000f0600000,0x00000000f0600000,0x00000000f1380000)
 ParOldGen       total 139264K, used 14857K [0x00000000a0000000, 0x00000000a8800000, 0x00000000e0000000)
  object space 139264K, 10% used [0x00000000a0000000,0x00000000a0e82480,0x00000000a8800000)
 Metaspace       used 40073K, capacity 41388K, committed 41472K, reserved 1089536K
  class space    used 5308K, capacity 5600K, committed 5632K, reserved 1048576K
Event: 7.622 GC heap after
Heap after GC invocations=12 (full 2):
 PSYoungGen      total 239616K, used 8955K [0x00000000e0000000, 0x00000000f0f00000, 0x0000000100000000)
  eden space 230400K, 0% used [0x00000000e0000000,0x00000000e0000000,0x00000000ee100000)
  from space 9216K, 97% used [0x00000000f0600000,0x00000000f0ebed60,0x00000000f0f00000)
  to   space 13312K, 0% used [0x00000000ef500000,0x00000000ef500000,0x00000000f0200000)
 ParOldGen       total 139264K, used 14865K [0x00000000a0000000, 0x00000000a8800000, 0x00000000e0000000)
  object space 139264K, 10% used [0x00000000a0000000,0x00000000a0e84480,0x00000000a8800000)
 Metaspace       used 40073K, capacity 41388K, committed 41472K, reserved 1089536K
  class space    used 5308K, capacity 5600K, committed 5632K, reserved 1048576K
}
Event: 7.622 GC heap before
{Heap before GC invocations=13 (full 3):
 PSYoungGen      total 239616K, used 8955K [0x00000000e0000000, 0x00000000f0f00000, 0x0000000100000000)
  eden space 230400K, 0% used [0x00000000e0000000,0x00000000e0000000,0x00000000ee100000)
  from space 9216K, 97% used [0x00000000f0600000,0x00000000f0ebed60,0x00000000f0f00000)
  to   space 13312K, 0% used [0x00000000ef500000,0x00000000ef500000,0x00000000f0200000)
 ParOldGen       total 139264K, used 14865K [0x00000000a0000000, 0x00000000a8800000, 0x00000000e0000000)
  object space 139264K, 10% used [0x00000000a0000000,0x00000000a0e84480,0x00000000a8800000)
 Metaspace       used 40073K, capacity 41388K, committed 41472K, reserved 1089536K
  class space    used 5308K, capacity 5600K, committed 5632K, reserved 1048576K
Event: 7.801 GC heap after
Heap after GC invocations=13 (full 3):
 PSYoungGen      total 239616K, used 0K [0x00000000e0000000, 0x00000000f0f00000, 0x0000000100000000)
  eden space 230400K, 0% used [0x00000000e0000000,0x00000000e0000000,0x00000000ee100000)
  from space 9216K, 0% used [0x00000000f0600000,0x00000000f0600000,0x00000000f0f00000)
  to   space 13312K, 0% used [0x00000000ef500000,0x00000000ef500000,0x00000000f0200000)
 ParOldGen       total 139264K, used 22878K [0x00000000a0000000, 0x00000000a8800000, 0x00000000e0000000)
  object space 139264K, 16% used [0x00000000a0000000,0x00000000a1657b18,0x00000000a8800000)
 Metaspace       used 40017K, capacity 41246K, committed 41472K, reserved 1087488K
  class space    used 5295K, capacity 5582K, committed 5632K, reserved 1048576K
}

Deoptimization events (10 events):
Event: 7.987 Thread 0x000000000c678000 Uncommon trap: reason=unstable_if action=reinterpret pc=0x000000000f654298 method=java.util.regex.Pattern$BmpCharProperty.match(Ljava/util/regex/Matcher;ILjava/lang/CharSequence;)Z @ 34
Event: 7.987 Thread 0x000000000c5de000 Uncommon trap: reason=unstable_if action=reinterpret pc=0x000000000f654298 method=java.util.regex.Pattern$BmpCharProperty.match(Ljava/util/regex/Matcher;ILjava/lang/CharSequence;)Z @ 34
Event: 7.991 Thread 0x000000000c678000 Uncommon trap: reason=class_check action=maybe_recompile pc=0x000000000fc26770 method=java.security.MessageDigest$Delegate.engineDigest()[B @ 4
Event: 7.992 Thread 0x000000000c678000 Uncommon trap: reason=speculate_class_check action=maybe_recompile pc=0x000000000fc02d8c method=sun.security.provider.DigestBase.engineDigest([BII)I @ 97
Event: 7.992 Thread 0x000000000c5de000 Uncommon trap: reason=class_check action=maybe_recompile pc=0x000000000fc27fa4 method=sun.security.provider.DigestBase.engineDigest([BII)I @ 97
Event: 7.992 Thread 0x000000000c5de000 Uncommon trap: reason=class_check action=maybe_recompile pc=0x000000000fc27fa4 method=sun.security.provider.DigestBase.engineDigest([BII)I @ 97
Event: 8.001 Thread 0x000000000c678000 Uncommon trap: reason=bimorphic action=maybe_recompile pc=0x000000000fa807e8 method=java.security.MessageDigest$Delegate.engineUpdate([BII)V @ 7
Event: 8.001 Thread 0x000000000c5de000 Uncommon trap: reason=bimorphic action=maybe_recompile pc=0x000000000fa807e8 method=java.security.MessageDigest$Delegate.engineUpdate([BII)V @ 7
Event: 8.001 Thread 0x000000000c678000 Uncommon trap: reason=bimorphic action=maybe_recompile pc=0x000000000fa807e8 method=java.security.MessageDigest$Delegate.engineUpdate([BII)V @ 7
Event: 8.001 Thread 0x000000000c5de000 Uncommon trap: reason=bimorphic action=maybe_recompile pc=0x000000000fa807e8 method=java.security.MessageDigest$Delegate.engineUpdate([BII)V @ 7

Classes redefined (0 events):
No events

Internal exceptions (10 events):
Event: 7.408 Thread 0x000000000c5de000 Exception <a 'java/lang/ClassNotFoundException': org/gradle/api/internal/artifacts/repositories/AbstractArtifactRepositoryBeanInfo> (0x00000000e5285390) thrown at [D:\src\AOSP-openjdk-cygwin\jdk8u\hotspot\src\share\vm\classfile\systemDictionary.cpp, line 
Event: 7.409 Thread 0x000000000c5de000 Exception <a 'java/lang/ClassNotFoundException': org/gradle/api/internal/artifacts/repositories/AbstractArtifactRepositoryCustomizer> (0x00000000e52e33a8) thrown at [D:\src\AOSP-openjdk-cygwin\jdk8u\hotspot\src\share\vm\classfile\systemDictionary.cpp, lin
Event: 7.411 Thread 0x000000000c5de000 Exception <a 'java/lang/ClassNotFoundException': org/gradle/api/internal/artifacts/repositories/AbstractResolutionAwareArtifactRepositoryCustomizer> (0x00000000e536d200) thrown at [D:\src\AOSP-openjdk-cygwin\jdk8u\hotspot\src\share\vm\classfile\systemDict
Event: 7.412 Thread 0x000000000c5de000 Exception <a 'java/lang/ClassNotFoundException': org/gradle/api/internal/artifacts/repositories/AbstractAuthenticationSupportedRepositoryCustomizer> (0x00000000e53df418) thrown at [D:\src\AOSP-openjdk-cygwin\jdk8u\hotspot\src\share\vm\classfile\systemDict
Event: 7.413 Thread 0x000000000c5de000 Exception <a 'java/lang/ClassNotFoundException': org/gradle/api/internal/artifacts/repositories/DefaultMavenArtifactRepositoryCustomizer> (0x00000000e5454a08) thrown at [D:\src\AOSP-openjdk-cygwin\jdk8u\hotspot\src\share\vm\classfile\systemDictionary.cpp,
Event: 7.415 Thread 0x000000000c5de000 Exception <a 'java/lang/ClassNotFoundException': org/gradle/api/internal/artifacts/repositories/DefaultMavenArtifactRepository_DecoratedCustomizer> (0x00000000e54d9580) thrown at [D:\src\AOSP-openjdk-cygwin\jdk8u\hotspot\src\share\vm\classfile\systemDicti
Event: 7.497 Thread 0x000000000c5de000 Implicit null exception at 0x000000000f840f8e to 0x000000000f8414cd
Event: 7.497 Thread 0x000000000c678000 Implicit null exception at 0x000000000f840f8e to 0x000000000f8414cd
Event: 7.810 Thread 0x000000000c678000 Implicit null exception at 0x000000000f740d70 to 0x000000000f743c81
Event: 7.958 Thread 0x000000000c5de000 Implicit null exception at 0x000000000ffb0417 to 0x000000000ffb04eb

Events (10 events):
Event: 8.001 Thread 0x000000000c678000 DEOPT PACKING pc=0x000000000fa807e8 sp=0x000000006344c6d0
Event: 8.001 Thread 0x000000000c5de000 DEOPT PACKING pc=0x000000000fa807e8 sp=0x000000000e047b20
Event: 8.001 Thread 0x000000000c678000 DEOPT UNPACKING pc=0x000000000f05557b sp=0x000000006344c690 mode 2
Event: 8.001 Thread 0x000000000c5de000 DEOPT UNPACKING pc=0x000000000f05557b sp=0x000000000e047ae0 mode 2
Event: 8.001 Thread 0x000000000c678000 Uncommon trap: trap_request=0xffffffc6 fr.pc=0x000000000fa807e8
Event: 8.001 Thread 0x000000000c5de000 Uncommon trap: trap_request=0xffffffc6 fr.pc=0x000000000fa807e8
Event: 8.001 Thread 0x000000000c678000 DEOPT PACKING pc=0x000000000fa807e8 sp=0x000000006344c690
Event: 8.001 Thread 0x000000000c678000 DEOPT UNPACKING pc=0x000000000f05557b sp=0x000000006344c670 mode 2
Event: 8.001 Thread 0x000000000c5de000 DEOPT PACKING pc=0x000000000fa807e8 sp=0x000000000e047ae0
Event: 8.001 Thread 0x000000000c5de000 DEOPT UNPACKING pc=0x000000000f05557b sp=0x000000000e047ac0 mode 2


Dynamic libraries:
0x000000013fd80000 - 0x000000013fdb1000 	D:\Hello\Android\Android Studio\jre\bin\java.exe
0x00000000777f0000 - 0x000000007798f000 	C:\windows\SYSTEM32\ntdll.dll
0x00000000776d0000 - 0x00000000777ef000 	C:\windows\system32\kernel32.dll
0x000007fefd8d0000 - 0x000007fefd93a000 	C:\windows\system32\KERNELBASE.dll
0x000007fefef60000 - 0x000007feff03b000 	C:\windows\system32\ADVAPI32.dll
0x000007feff2d0000 - 0x000007feff36f000 	C:\windows\system32\msvcrt.dll
0x000007fefee40000 - 0x000007fefee5f000 	C:\windows\SYSTEM32\sechost.dll
0x000007fefd9d0000 - 0x000007fefdafc000 	C:\windows\system32\RPCRT4.dll
0x00000000775d0000 - 0x00000000776ca000 	C:\windows\system32\USER32.dll
0x000007fefecc0000 - 0x000007fefed27000 	C:\windows\system32\GDI32.dll
0x000007feff7a0000 - 0x000007feff7ae000 	C:\windows\system32\LPK.dll
0x000007fefdb00000 - 0x000007fefdbc9000 	C:\windows\system32\USP10.dll
0x000007fef9810000 - 0x000007fef9a04000 	C:\windows\WinSxS\amd64_microsoft.windows.common-controls_6595b64144ccf1df_6.0.7601.18807_none_fa381d5f175bfb52\COMCTL32.dll
0x000007feff250000 - 0x000007feff2c1000 	C:\windows\system32\SHLWAPI.dll
0x000007fefdbd0000 - 0x000007fefdbfe000 	C:\windows\system32\IMM32.DLL
0x000007fefed30000 - 0x000007fefee39000 	C:\windows\system32\MSCTF.dll
0x000007fefd540000 - 0x000007fefd571000 	C:\Windows\system32\nvinitx.dll
0x000007fefd530000 - 0x000007fefd53c000 	C:\windows\system32\VERSION.dll
0x000000000f000000 - 0x000000000f006000 	C:\Program Files\NVIDIA Corporation\CoProcManager\detoured.dll
0x000007fef89e0000 - 0x000007fef8a11000 	C:\Program Files\NVIDIA Corporation\CoProcManager\nvd3d9wrapx.dll
0x000007feff5a0000 - 0x000007feff777000 	C:\windows\system32\SETUPAPI.dll
0x000007fefd7a0000 - 0x000007fefd7d6000 	C:\windows\system32\CFGMGR32.dll
0x000007fefe9f0000 - 0x000007fefeac7000 	C:\windows\system32\OLEAUT32.dll
0x000007feff040000 - 0x000007feff243000 	C:\windows\system32\ole32.dll
0x000007fefd800000 - 0x000007fefd81a000 	C:\windows\system32\DEVOBJ.dll
0x000007fef8650000 - 0x000007fef8672000 	C:\Program Files\NVIDIA Corporation\CoProcManager\nvdxgiwrapx.dll
0x000000006ea30000 - 0x000000006eb02000 	D:\Hello\Android\Android Studio\jre\jre\bin\msvcr100.dll
0x0000000066870000 - 0x00000000670b6000 	D:\Hello\Android\Android Studio\jre\jre\bin\server\jvm.dll
0x000007fef5440000 - 0x000007fef5449000 	C:\windows\system32\WSOCK32.dll
0x000007fefdc10000 - 0x000007fefdc5d000 	C:\windows\system32\WS2_32.dll
0x000007fefdc00000 - 0x000007fefdc08000 	C:\windows\system32\NSI.dll
0x000007fefa140000 - 0x000007fefa17b000 	C:\windows\system32\WINMM.dll
0x00000000779a0000 - 0x00000000779a7000 	C:\windows\system32\PSAPI.DLL
0x000007fef9060000 - 0x000007fef906f000 	D:\Hello\Android\Android Studio\jre\jre\bin\verify.dll
0x000007fef3710000 - 0x000007fef3739000 	D:\Hello\Android\Android Studio\jre\jre\bin\java.dll
0x000007feebdc0000 - 0x000007feebdd6000 	D:\Hello\Android\Android Studio\jre\jre\bin\zip.dll
0x000007fefdc60000 - 0x000007fefe9e8000 	C:\windows\system32\SHELL32.dll
0x000007fefd620000 - 0x000007fefd62f000 	C:\windows\system32\profapi.dll
0x000007fef4360000 - 0x000007fef437a000 	D:\Hello\Android\Android Studio\jre\jre\bin\net.dll
0x000007fefcd20000 - 0x000007fefcd75000 	C:\windows\system32\mswsock.dll
0x000007fefcd10000 - 0x000007fefcd17000 	C:\windows\System32\wship6.dll
0x000007feeab50000 - 0x000007feeab61000 	D:\Hello\Android\Android Studio\jre\jre\bin\nio.dll
0x000007fef7580000 - 0x000007fef75a6000 	C:\Users\Administrator\.gradle\native\30\windows-amd64\native-platform.dll
0x000007fefc620000 - 0x000007fefc623000 	C:\windows\system32\api-ms-win-core-synch-l1-2-0.DLL
0x000007fef9260000 - 0x000007fef926d000 	D:\Hello\Android\Android Studio\jre\jre\bin\management.dll
0x000007fefcd80000 - 0x000007fefcd98000 	C:\windows\system32\CRYPTSP.dll
0x000007fefca80000 - 0x000007fefcac7000 	C:\windows\system32\rsaenh.dll
0x000007fefd7e0000 - 0x000007fefd7fe000 	C:\windows\system32\USERENV.dll
0x000007fefd460000 - 0x000007fefd46f000 	C:\windows\system32\CRYPTBASE.dll
0x000007fefbe40000 - 0x000007fefbe67000 	C:\windows\system32\IPHLPAPI.DLL
0x000007fefbe20000 - 0x000007fefbe2b000 	C:\windows\system32\WINNSI.DLL
0x000007fefbc30000 - 0x000007fefbc48000 	C:\windows\system32\dhcpcsvc.DLL
0x000007fefbc10000 - 0x000007fefbc21000 	C:\windows\system32\dhcpcsvc6.DLL
0x000007fee0f00000 - 0x000007fee0f24000 	D:\Hello\Android\Android Studio\jre\jre\bin\sunec.dll
0x000007fefc630000 - 0x000007fefc73d000 	C:\windows\SysWOW64\ierd_tgp_lsp64.dll
0x000007fefc600000 - 0x000007fefc607000 	C:\windows\System32\wshtcpip.dll
0x000007fefcba0000 - 0x000007fefcbfb000 	C:\windows\system32\DNSAPI.dll
0x0000000071740000 - 0x000000007176e000 	C:\Program Files\Common Files\Microsoft Shared\Windows Live\WLIDNSP.DLL
0x000007fef7e00000 - 0x000007fef7e08000 	C:\windows\system32\rasadhlp.dll
0x000007fefbcb0000 - 0x000007fefbd03000 	C:\windows\System32\fwpuclnt.dll
0x000007fef3860000 - 0x000007fef386b000 	D:\Hello\Android\Android Studio\jre\jre\bin\sunmscapi.dll
0x000007fefd630000 - 0x000007fefd79d000 	C:\windows\system32\CRYPT32.dll
0x000007fefd610000 - 0x000007fefd61f000 	C:\windows\system32\MSASN1.dll

VM Arguments:
jvm_args: -Xmx1536m -Dfile.encoding=GBK -Duser.country=CN -Duser.language=zh -Duser.variant 
java_command: org.gradle.launcher.daemon.bootstrap.GradleDaemon 6.0.1
java_class_path (initial): C:\Users\Administrator\.gradle\wrapper\dists\gradle-6.0.1-all\99d3u8wxs16ndehh90lbbir67\gradle-6.0.1\lib\gradle-launcher-6.0.1.jar
Launcher Type: SUN_STANDARD

Environment Variables:
JAVA_HOME=D:\Hello\Java\jdk1.8.0_144
CLASSPATH=.;D:\Hello\Java\jdk1.8.0_144\lib;D:\Hello\Java\jdk1.8.0_144\lib\tools.jar
PATH=D:\Install\Python36\Scripts\;D:\Install\Python36\;C:\ProgramData\Oracle\Java\javapath;C:\Program Files\Common Files\Microsoft Shared\Windows Live;C:\Windows\system32;C:\Windows;C:\Windows\System32\Wbem;C:\Windows\System32\WindowsPowerShell\v1.0\;C:\Program Files\Intel\WiFi\bin\;C:\Program Files\Common Files\Intel\WirelessCommon\;C:\Program Files (x86)\NVIDIA Corporation\PhysX\Common;D:\Hello\Java\jdk1.8.0_144\bin;D:\Hello\Java\jdk1.8.0_144\jre\bin;D:\Hello\Android\sdk\tools;D:\Hello\Android\sdk\platform-tools;D:\Install\Git\cmd;C:\Program Files\Common Files\Microsoft Shared\Windows Live;C:\Program Files\Intel\WiFi\bin\;C:\Program Files\Common Files\Intel\WirelessCommon\;D:\Install\BandZip\;D:\Install\Fiddler;D:\Hello\Android\Android Studio\gradle\gradle-4.4\bin
USERNAME=Administrator
OS=Windows_NT
PROCESSOR_IDENTIFIER=Intel64 Family 6 Model 60 Stepping 3, GenuineIntel



---------------  S Y S T E M  ---------------

OS: Windows 7 , 64 bit Build 7601 (6.1.7601.24384)

CPU:total 8 (initial active 8) (4 cores per cpu, 2 threads per core) family 6 model 60 stepping 3, cmov, cx8, fxsr, mmx, sse, sse2, sse3, ssse3, sse4.1, sse4.2, popcnt, avx, avx2, aes, clmul, erms, lzcnt, ht, tsc, tscinvbit, bmi1, bmi2

Memory: 4k page, physical 16661468k(1767548k free), swap 16659564k(5516k free)

vm_info: OpenJDK 64-Bit Server VM (25.202-b03) for windows-amd64 JRE (1.8.0_202-release-1483-b03), built by "builder" with MS VC++ 10.0 (VS2010)

time: Fri Jan 10 06:41:21 2020
timezone: 中国标准时间
elapsed time: 8 seconds (0d 0h 0m 8s)

