#
# There is insufficient memory for the Java Runtime Environment to continue.
# Native memory allocation (malloc) failed to allocate 1912176 bytes for Chunk::new
# Possible reasons:
#   The system is out of physical RAM or swap space
#   The process is running with CompressedOops enabled, and the Java Heap may be blocking the growth of the native heap
# Possible solutions:
#   Reduce memory load on the system
#   Increase physical memory or swap space
#   Check if swap backing store is full
#   Decrease Java heap size (-Xmx/-Xms)
#   Decrease number of Java threads
#   Decrease Java thread stack sizes (-Xss)
#   Set larger code cache with -XX:ReservedCodeCacheSize=
#   JVM is running with Unscaled Compressed Oops mode in which the Java heap is
#     placed in the first 4GB address space. The Java Heap base address is the
#     maximum limit for the native heap growth. Please use -XX:HeapBaseMinAddress
#     to set the Java Heap base and to place the Java Heap above 4GB virtual address.
# This output file may be truncated or incomplete.
#
#  Out of Memory Error (allocation.cpp:389), pid=13024, tid=0x0000000000002d3c
#
# JRE version: OpenJDK Runtime Environment (8.0_202-b03) (build 1.8.0_202-release-1483-b03)
# Java VM: OpenJDK 64-Bit Server VM (25.202-b03 mixed mode windows-amd64 compressed oops)
# Failed to write core dump. Minidumps are not enabled by default on client versions of Windows
#

---------------  T H R E A D  ---------------

Current thread (0x00000000088fa800):  JavaThread "C2 CompilerThread1" daemon [_thread_in_native, id=11580, stack(0x000000000a210000,0x000000000a310000)]

Stack: [0x000000000a210000,0x000000000a310000]
[error occurred during error reporting (printing stack bounds), id 0xc0000005]

Native frames: (J=compiled Java code, j=interpreted, Vv=VM code, C=native code)


Current CompileTask:
C2:   4867 2511       4       groovy.lang.MetaClassImpl$1MOPIter::methodNameAction (325 bytes)


---------------  P R O C E S S  ---------------

Java Threads: ( => current thread )
  0x000000000c6db000 JavaThread "Cache worker for execution history cache (C:\Users\Administrator\.gradle\caches\6.0.1\executionHistory)" [_thread_blocked, id=1020, stack(0x0000000062720000,0x0000000062820000)]
  0x000000000c6da800 JavaThread "Cache worker for cache directory md-rule (C:\Users\Administrator\.gradle\caches\6.0.1\md-rule)" [_thread_blocked, id=13500, stack(0x00000000612d0000,0x00000000613d0000)]
  0x000000000c6d9800 JavaThread "Cache worker for cache directory md-supplier (C:\Users\Administrator\.gradle\caches\6.0.1\md-supplier)" [_thread_blocked, id=2728, stack(0x0000000061190000,0x0000000061290000)]
  0x000000000c6d6000 JavaThread "Cache worker for file hash cache (D:\GitCode\MyApplication\.gradle\6.0.1\fileHashes)" [_thread_blocked, id=9988, stack(0x000000000eba0000,0x000000000eca0000)]
  0x000000000c6d5000 JavaThread "Cache worker for journal cache (C:\Users\Administrator\.gradle\caches\journal-1)" [_thread_blocked, id=14232, stack(0x000000000dd40000,0x000000000de40000)]
  0x000000000c6d4800 JavaThread "File lock request listener" [_thread_in_native, id=11780, stack(0x000000000e710000,0x000000000e810000)]
  0x000000000c4ca800 JavaThread "Cache worker for file hash cache (C:\Users\Administrator\.gradle\caches\6.0.1\fileHashes)" [_thread_blocked, id=10312, stack(0x000000000e5d0000,0x000000000e6d0000)]
  0x000000000c509800 JavaThread "Thread-9" [_thread_blocked, id=13448, stack(0x000000000e2d0000,0x000000000e3d0000)]
  0x000000000c419800 JavaThread "Stdin handler" [_thread_blocked, id=13976, stack(0x000000000e0f0000,0x000000000e1f0000)]
  0x000000000c414800 JavaThread "Asynchronous log dispatcher for DefaultDaemonConnection: socket connection from /127.0.0.1:10517 to /127.0.0.1:10518" [_thread_blocked, id=8176, stack(0x000000000d780000,0x000000000d880000)]
  0x000000000c410000 JavaThread "Daemon worker" [_thread_in_vm, id=13452, stack(0x000000000dfa0000,0x000000000e0a0000)]
  0x000000000c429000 JavaThread "Cancel handler" [_thread_blocked, id=9284, stack(0x000000000de70000,0x000000000df70000)]
  0x000000000c3a9800 JavaThread "Handler for socket connection from /127.0.0.1:10517 to /127.0.0.1:10518" [_thread_in_native, id=11492, stack(0x000000000da30000,0x000000000db30000)]
  0x000000000c3a4000 JavaThread "Daemon" [_thread_blocked, id=7844, stack(0x000000000d8e0000,0x000000000d9e0000)]
  0x000000000c363000 JavaThread "Daemon periodic checks" [_thread_blocked, id=12820, stack(0x000000000d650000,0x000000000d750000)]
  0x000000000c371800 JavaThread "Incoming local TCP Connector on port 10517" [_thread_in_native, id=3224, stack(0x000000000a510000,0x000000000a610000)]
  0x000000000c2be800 JavaThread "Daemon health stats" [_thread_blocked, id=13992, stack(0x000000000d0e0000,0x000000000d1e0000)]
  0x0000000008997800 JavaThread "Service Thread" daemon [_thread_blocked, id=13404, stack(0x000000000a610000,0x000000000a710000)]
  0x000000000890a000 JavaThread "C1 CompilerThread3" daemon [_thread_blocked, id=11424, stack(0x000000000a110000,0x000000000a210000)]
  0x0000000008909000 JavaThread "C2 CompilerThread2" daemon [_thread_in_native, id=13572, stack(0x000000000a330000,0x000000000a430000)]
=>0x00000000088fa800 JavaThread "C2 CompilerThread1" daemon [_thread_in_native, id=11580, stack(0x000000000a210000,0x000000000a310000)]
  0x00000000088e2000 JavaThread "C2 CompilerThread0" daemon [_thread_in_native, id=10784, stack(0x0000000009fd0000,0x000000000a0d0000)]
  0x00000000088d0800 JavaThread "Attach Listener" daemon [_thread_blocked, id=8928, stack(0x0000000009e50000,0x0000000009f50000)]
  0x00000000088cf800 JavaThread "Signal Dispatcher" daemon [_thread_blocked, id=12316, stack(0x0000000009ce0000,0x0000000009de0000)]
  0x000000000780c800 JavaThread "Finalizer" daemon [_thread_blocked, id=10256, stack(0x0000000009a40000,0x0000000009b40000)]
  0x0000000007805800 JavaThread "Reference Handler" daemon [_thread_blocked, id=10436, stack(0x0000000009b50000,0x0000000009c50000)]
  0x000000000058e800 JavaThread "main" [_thread_blocked, id=10648, stack(0x0000000002510000,0x0000000002610000)]

Other Threads:
  0x0000000008870800 VMThread [stack: 0x0000000009860000,0x0000000009960000] [id=12248]
  0x0000000008948000 WatcherThread [stack: 0x000000000a740000,0x000000000a840000] [id=9680]

VM state:not at safepoint (normal execution)

VM Mutex/Monitor currently owned by a thread: None

heap address: 0x00000000a0000000, size: 1536 MB, Compressed Oops mode: 32-bit
Narrow klass base: 0x0000000000000000, Narrow klass shift: 0
Compressed class space size: 1073741824 Address: 0x000000001e010000

Heap:
 PSYoungGen      total 237568K, used 17754K [0x00000000e0000000, 0x00000000efc00000, 0x0000000100000000)
  eden space 222720K, 7% used [0x00000000e0000000,0x00000000e11569f0,0x00000000ed980000)
  from space 14848K, 0% used [0x00000000ee800000,0x00000000ee800000,0x00000000ef680000)
  to   space 14848K, 0% used [0x00000000ed980000,0x00000000ed980000,0x00000000ee800000)
 ParOldGen       total 141824K, used 17942K [0x00000000a0000000, 0x00000000a8a80000, 0x00000000e0000000)
  object space 141824K, 12% used [0x00000000a0000000,0x00000000a11859d0,0x00000000a8a80000)
 Metaspace       used 34432K, capacity 35720K, committed 35840K, reserved 1079296K
  class space    used 4749K, capacity 5037K, committed 5120K, reserved 1048576K

Card table byte_map: [0x0000000002be0000,0x0000000002ef0000] byte_map_base: 0x00000000026e0000

Marking Bits: (ParMarkBitMap*) 0x0000000067039f30
 Begin Bits: [0x0000000003b20000, 0x0000000005320000)
 End Bits:   [0x0000000005320000, 0x0000000006b20000)

Polling page: 0x0000000000430000

CodeCache: size=245760Kb used=11756Kb max_used=11756Kb free=234003Kb
 bounds [0x000000000f010000, 0x000000000fba0000, 0x000000001e010000]
 total_blobs=3718 nmethods=3025 adapters=605
 compilation: enabled

Compilation events (10 events):
Event: 4.850 Thread 0x000000000890a000 3031       3       org.objectweb.asm.Type::getSize (86 bytes)
Event: 4.850 Thread 0x000000000890a000 nmethod 3031 0x000000000fb8f290 code [0x000000000fb8f400, 0x000000000fb8f688]
Event: 4.861 Thread 0x000000000890a000 3032       3       org.codehaus.groovy.reflection.stdclasses.CachedSAMClass$1::run (5 bytes)
Event: 4.861 Thread 0x000000000890a000 nmethod 3032 0x000000000fb8f790 code [0x000000000fb8f940, 0x000000000fb8fcb8]
Event: 4.861 Thread 0x000000000890a000 3033       3       org.codehaus.groovy.reflection.stdclasses.CachedSAMClass$1::run (8 bytes)
Event: 4.862 Thread 0x000000000890a000 nmethod 3033 0x000000000fb8fe90 code [0x000000000fb90020, 0x000000000fb90338]
Event: 4.862 Thread 0x000000000890a000 3034       3       org.codehaus.groovy.reflection.ClassInfo$LazyCachedClassRef::initValue (21 bytes)
Event: 4.862 Thread 0x000000000890a000 nmethod 3034 0x000000000fb90490 code [0x000000000fb90600, 0x000000000fb90988]
Event: 4.862 Thread 0x000000000890a000 3035       3       org.codehaus.groovy.reflection.ClassInfo::access$300 (6 bytes)
Event: 4.862 Thread 0x000000000890a000 nmethod 3035 0x000000000fb90ad0 code [0x000000000fb90c40, 0x000000000fb90da8]

GC Heap History (10 events):
Event: 3.034 GC heap before
{Heap before GC invocations=4 (full 0):
 PSYoungGen      total 76288K, used 20427K [0x00000000e0000000, 0x00000000e9500000, 0x0000000100000000)
  eden space 65536K, 14% used [0x00000000e0000000,0x00000000e0978a10,0x00000000e4000000)
  from space 10752K, 99% used [0x00000000e4000000,0x00000000e4a7a1f8,0x00000000e4a80000)
  to   space 10752K, 0% used [0x00000000e8a80000,0x00000000e8a80000,0x00000000e9500000)
 ParOldGen       total 175104K, used 1596K [0x00000000a0000000, 0x00000000aab00000, 0x00000000e0000000)
  object space 175104K, 0% used [0x00000000a0000000,0x00000000a018f290,0x00000000aab00000)
 Metaspace       used 20565K, capacity 21212K, committed 21296K, reserved 1067008K
  class space    used 2972K, capacity 3169K, committed 3200K, reserved 1048576K
Event: 3.040 GC heap after
Heap after GC invocations=4 (full 0):
 PSYoungGen      total 141824K, used 8309K [0x00000000e0000000, 0x00000000e9500000, 0x0000000100000000)
  eden space 131072K, 0% used [0x00000000e0000000,0x00000000e0000000,0x00000000e8000000)
  from space 10752K, 77% used [0x00000000e8a80000,0x00000000e929d708,0x00000000e9500000)
  to   space 10752K, 0% used [0x00000000e8000000,0x00000000e8000000,0x00000000e8a80000)
 ParOldGen       total 175104K, used 1604K [0x00000000a0000000, 0x00000000aab00000, 0x00000000e0000000)
  object space 175104K, 0% used [0x00000000a0000000,0x00000000a0191290,0x00000000aab00000)
 Metaspace       used 20565K, capacity 21212K, committed 21296K, reserved 1067008K
  class space    used 2972K, capacity 3169K, committed 3200K, reserved 1048576K
}
Event: 3.040 GC heap before
{Heap before GC invocations=5 (full 1):
 PSYoungGen      total 141824K, used 8309K [0x00000000e0000000, 0x00000000e9500000, 0x0000000100000000)
  eden space 131072K, 0% used [0x00000000e0000000,0x00000000e0000000,0x00000000e8000000)
  from space 10752K, 77% used [0x00000000e8a80000,0x00000000e929d708,0x00000000e9500000)
  to   space 10752K, 0% used [0x00000000e8000000,0x00000000e8000000,0x00000000e8a80000)
 ParOldGen       total 175104K, used 1604K [0x00000000a0000000, 0x00000000aab00000, 0x00000000e0000000)
  object space 175104K, 0% used [0x00000000a0000000,0x00000000a0191290,0x00000000aab00000)
 Metaspace       used 20565K, capacity 21212K, committed 21296K, reserved 1067008K
  class space    used 2972K, capacity 3169K, committed 3200K, reserved 1048576K
Event: 3.072 GC heap after
Heap after GC invocations=5 (full 1):
 PSYoungGen      total 141824K, used 0K [0x00000000e0000000, 0x00000000e9500000, 0x0000000100000000)
  eden space 131072K, 0% used [0x00000000e0000000,0x00000000e0000000,0x00000000e8000000)
  from space 10752K, 0% used [0x00000000e8a80000,0x00000000e8a80000,0x00000000e9500000)
  to   space 10752K, 0% used [0x00000000e8000000,0x00000000e8000000,0x00000000e8a80000)
 ParOldGen       total 93696K, used 8147K [0x00000000a0000000, 0x00000000a5b80000, 0x00000000e0000000)
  object space 93696K, 8% used [0x00000000a0000000,0x00000000a07f4d08,0x00000000a5b80000)
 Metaspace       used 20565K, capacity 21212K, committed 21296K, reserved 1067008K
  class space    used 2972K, capacity 3169K, committed 3200K, reserved 1048576K
}
Event: 4.204 GC heap before
{Heap before GC invocations=6 (full 1):
 PSYoungGen      total 141824K, used 131072K [0x00000000e0000000, 0x00000000e9500000, 0x0000000100000000)
  eden space 131072K, 100% used [0x00000000e0000000,0x00000000e8000000,0x00000000e8000000)
  from space 10752K, 0% used [0x00000000e8a80000,0x00000000e8a80000,0x00000000e9500000)
  to   space 10752K, 0% used [0x00000000e8000000,0x00000000e8000000,0x00000000e8a80000)
 ParOldGen       total 93696K, used 8147K [0x00000000a0000000, 0x00000000a5b80000, 0x00000000e0000000)
  object space 93696K, 8% used [0x00000000a0000000,0x00000000a07f4d08,0x00000000a5b80000)
 Metaspace       used 31135K, capacity 31910K, committed 32256K, reserved 1077248K
  class space    used 4291K, capacity 4501K, committed 4608K, reserved 1048576K
Event: 4.220 GC heap after
Heap after GC invocations=6 (full 1):
 PSYoungGen      total 141824K, used 10740K [0x00000000e0000000, 0x00000000ef680000, 0x0000000100000000)
  eden space 131072K, 0% used [0x00000000e0000000,0x00000000e0000000,0x00000000e8000000)
  from space 10752K, 99% used [0x00000000e8000000,0x00000000e8a7d358,0x00000000e8a80000)
  to   space 14848K, 0% used [0x00000000ee800000,0x00000000ee800000,0x00000000ef680000)
 ParOldGen       total 93696K, used 9897K [0x00000000a0000000, 0x00000000a5b80000, 0x00000000e0000000)
  object space 93696K, 10% used [0x00000000a0000000,0x00000000a09aa550,0x00000000a5b80000)
 Metaspace       used 31135K, capacity 31910K, committed 32256K, reserved 1077248K
  class space    used 4291K, capacity 4501K, committed 4608K, reserved 1048576K
}
Event: 4.687 GC heap before
{Heap before GC invocations=7 (full 1):
 PSYoungGen      total 141824K, used 64273K [0x00000000e0000000, 0x00000000ef680000, 0x0000000100000000)
  eden space 131072K, 40% used [0x00000000e0000000,0x00000000e34472a8,0x00000000e8000000)
  from space 10752K, 99% used [0x00000000e8000000,0x00000000e8a7d358,0x00000000e8a80000)
  to   space 14848K, 0% used [0x00000000ee800000,0x00000000ee800000,0x00000000ef680000)
 ParOldGen       total 93696K, used 9897K [0x00000000a0000000, 0x00000000a5b80000, 0x00000000e0000000)
  object space 93696K, 10% used [0x00000000a0000000,0x00000000a09aa550,0x00000000a5b80000)
 Metaspace       used 34230K, capacity 35394K, committed 35456K, reserved 1079296K
  class space    used 4708K, capacity 4972K, committed 4992K, reserved 1048576K
Event: 4.710 GC heap after
Heap after GC invocations=7 (full 1):
 PSYoungGen      total 237568K, used 10802K [0x00000000e0000000, 0x00000000efc00000, 0x0000000100000000)
  eden space 222720K, 0% used [0x00000000e0000000,0x00000000e0000000,0x00000000ed980000)
  from space 14848K, 72% used [0x00000000ee800000,0x00000000ef28cbd0,0x00000000ef680000)
  to   space 14848K, 0% used [0x00000000ed980000,0x00000000ed980000,0x00000000ee800000)
 ParOldGen       total 93696K, used 9905K [0x00000000a0000000, 0x00000000a5b80000, 0x00000000e0000000)
  object space 93696K, 10% used [0x00000000a0000000,0x00000000a09ac550,0x00000000a5b80000)
 Metaspace       used 34230K, capacity 35394K, committed 35456K, reserved 1079296K
  class space    used 4708K, capacity 4972K, committed 4992K, reserved 1048576K
}
Event: 4.710 GC heap before
{Heap before GC invocations=8 (full 2):
 PSYoungGen      total 237568K, used 10802K [0x00000000e0000000, 0x00000000efc00000, 0x0000000100000000)
  eden space 222720K, 0% used [0x00000000e0000000,0x00000000e0000000,0x00000000ed980000)
  from space 14848K, 72% used [0x00000000ee800000,0x00000000ef28cbd0,0x00000000ef680000)
  to   space 14848K, 0% used [0x00000000ed980000,0x00000000ed980000,0x00000000ee800000)
 ParOldGen       total 93696K, used 9905K [0x00000000a0000000, 0x00000000a5b80000, 0x00000000e0000000)
  object space 93696K, 10% used [0x00000000a0000000,0x00000000a09ac550,0x00000000a5b80000)
 Metaspace       used 34230K, capacity 35394K, committed 35456K, reserved 1079296K
  class space    used 4708K, capacity 4972K, committed 4992K, reserved 1048576K
Event: 4.771 GC heap after
Heap after GC invocations=8 (full 2):
 PSYoungGen      total 237568K, used 0K [0x00000000e0000000, 0x00000000efc00000, 0x0000000100000000)
  eden space 222720K, 0% used [0x00000000e0000000,0x00000000e0000000,0x00000000ed980000)
  from space 14848K, 0% used [0x00000000ee800000,0x00000000ee800000,0x00000000ef680000)
  to   space 14848K, 0% used [0x00000000ed980000,0x00000000ed980000,0x00000000ee800000)
 ParOldGen       total 141824K, used 17942K [0x00000000a0000000, 0x00000000a8a80000, 0x00000000e0000000)
  object space 141824K, 12% used [0x00000000a0000000,0x00000000a11859d0,0x00000000a8a80000)
 Metaspace       used 34230K, capacity 35394K, committed 35456K, reserved 1079296K
  class space    used 4708K, capacity 4972K, committed 4992K, reserved 1048576K
}

Deoptimization events (10 events):
Event: 4.387 Thread 0x000000000c410000 Uncommon trap: reason=unstable_if action=reinterpret pc=0x000000000f8ce238 method=org.objectweb.asm.ByteVector.putShort(I)Lorg/objectweb/asm/ByteVector; @ 13
Event: 4.388 Thread 0x000000000c410000 Uncommon trap: reason=unstable_if action=reinterpret pc=0x000000000f8ee860 method=java.net.URLStreamHandler.sameFile(Ljava/net/URL;Ljava/net/URL;)Z @ 63
Event: 4.390 Thread 0x000000000c410000 Uncommon trap: reason=unstable_if action=reinterpret pc=0x000000000f8d6800 method=java.net.URLStreamHandler.sameFile(Ljava/net/URL;Ljava/net/URL;)Z @ 63
Event: 4.407 Thread 0x000000000c410000 Uncommon trap: reason=bimorphic action=maybe_recompile pc=0x000000000f99cd20 method=java.util.AbstractCollection.addAll(Ljava/util/Collection;)Z @ 29
Event: 4.461 Thread 0x000000000c410000 Uncommon trap: reason=bimorphic action=maybe_recompile pc=0x000000000f99cd20 method=java.util.AbstractCollection.addAll(Ljava/util/Collection;)Z @ 29
Event: 4.510 Thread 0x000000000c410000 Uncommon trap: reason=unstable_if action=reinterpret pc=0x000000000f8e8d44 method=org.gradle.internal.reflect.PropertyAccessorType.isGetGetterName(Ljava/lang/String;)Z @ 14
Event: 4.606 Thread 0x000000000c410000 Uncommon trap: reason=unstable_if action=reinterpret pc=0x000000000f27c0f4 method=sun.nio.cs.UTF_8$Decoder.decode([BII[C)I @ 30
Event: 4.606 Thread 0x000000000c410000 Uncommon trap: reason=unstable_if action=reinterpret pc=0x000000000f1bca48 method=sun.nio.cs.UTF_8$Encoder.encode([CII[B)I @ 33
Event: 4.674 Thread 0x000000000c410000 Uncommon trap: reason=unstable_if action=reinterpret pc=0x000000000f6851a8 method=java.io.BufferedInputStream.read([BII)I @ 56
Event: 4.772 Thread 0x000000000780c800 Uncommon trap: reason=unstable_if action=reinterpret pc=0x000000000f5f1bf8 method=java.lang.ref.Finalizer.remove()V @ 10

Classes redefined (0 events):
No events

Internal exceptions (10 events):
Event: 4.797 Thread 0x000000000c410000 Exception <a 'java/lang/ClassNotFoundException': org/gradle/api/internal/DefaultNamedDomainObjectCollectionBeanInfo> (0x00000000e05d5ae8) thrown at [D:\src\AOSP-openjdk-cygwin\jdk8u\hotspot\src\share\vm\classfile\systemDictionary.cpp, line 210]
Event: 4.798 Thread 0x000000000c410000 Exception <a 'java/lang/ClassNotFoundException': org/gradle/api/internal/DefaultDomainObjectCollectionBeanInfo> (0x00000000e060b330) thrown at [D:\src\AOSP-openjdk-cygwin\jdk8u\hotspot\src\share\vm\classfile\systemDictionary.cpp, line 210]
Event: 4.798 Thread 0x000000000c410000 Exception <a 'java/lang/ClassNotFoundException': java/util/AbstractCollectionBeanInfo> (0x00000000e060fa88) thrown at [D:\src\AOSP-openjdk-cygwin\jdk8u\hotspot\src\share\vm\classfile\systemDictionary.cpp, line 210]
Event: 4.798 Thread 0x000000000c410000 Exception <a 'java/lang/ClassNotFoundException': java/util/AbstractCollectionCustomizer> (0x00000000e06141f0) thrown at [D:\src\AOSP-openjdk-cygwin\jdk8u\hotspot\src\share\vm\classfile\systemDictionary.cpp, line 210]
Event: 4.800 Thread 0x000000000c410000 Exception <a 'java/lang/ClassNotFoundException': org/gradle/api/internal/DefaultDomainObjectCollectionCustomizer> (0x00000000e0654ef0) thrown at [D:\src\AOSP-openjdk-cygwin\jdk8u\hotspot\src\share\vm\classfile\systemDictionary.cpp, line 210]
Event: 4.803 Thread 0x000000000c410000 Exception <a 'java/lang/ClassNotFoundException': org/gradle/api/internal/DefaultNamedDomainObjectCollectionCustomizer> (0x00000000e06b4618) thrown at [D:\src\AOSP-openjdk-cygwin\jdk8u\hotspot\src\share\vm\classfile\systemDictionary.cpp, line 210]
Event: 4.806 Thread 0x000000000c410000 Exception <a 'java/lang/ClassNotFoundException': org/gradle/api/internal/DefaultNamedDomainObjectListCustomizer> (0x00000000e0723998) thrown at [D:\src\AOSP-openjdk-cygwin\jdk8u\hotspot\src\share\vm\classfile\systemDictionary.cpp, line 210]
Event: 4.809 Thread 0x000000000c410000 Exception <a 'java/lang/ClassNotFoundException': org/gradle/api/internal/artifacts/DefaultArtifactRepositoryContainerCustomizer> (0x00000000e079b8f0) thrown at [D:\src\AOSP-openjdk-cygwin\jdk8u\hotspot\src\share\vm\classfile\systemDictionary.cpp, line 210
Event: 4.811 Thread 0x000000000c410000 Exception <a 'java/lang/ClassNotFoundException': org/gradle/api/internal/artifacts/dsl/DefaultRepositoryHandlerCustomizer> (0x00000000e0803a80) thrown at [D:\src\AOSP-openjdk-cygwin\jdk8u\hotspot\src\share\vm\classfile\systemDictionary.cpp, line 210]
Event: 4.813 Thread 0x000000000c410000 Exception <a 'java/lang/ClassNotFoundException': org/gradle/api/internal/artifacts/dsl/DefaultRepositoryHandler_DecoratedCustomizer> (0x00000000e08825b8) thrown at [D:\src\AOSP-openjdk-cygwin\jdk8u\hotspot\src\share\vm\classfile\systemDictionary.cpp, line

Events (10 events):
Event: 4.854 loading class org/gradle/api/internal/artifacts/repositories/DefaultRepositoryContentDescriptor
Event: 4.854 loading class org/gradle/api/internal/artifacts/repositories/DefaultRepositoryContentDescriptor done
Event: 4.857 loading class org/gradle/api/internal/artifacts/repositories/AuthenticationSupporter
Event: 4.857 loading class org/gradle/api/internal/artifacts/repositories/AuthenticationSupporter done
Event: 4.858 loading class org/gradle/api/internal/artifacts/repositories/DefaultMavenArtifactRepository
Event: 4.858 loading class org/gradle/api/internal/artifacts/repositories/DefaultMavenArtifactRepository done
Event: 4.859 loading class groovy/runtime/metaclass/org/gradle/api/internal/artifacts/repositories/DefaultMavenArtifactRepository_DecoratedMetaClass
Event: 4.859 loading class groovy/runtime/metaclass/org/gradle/api/internal/artifacts/repositories/DefaultMavenArtifactRepository_DecoratedMetaClass done
Event: 4.864 loading class org/gradle/api/internal/artifacts/repositories/DefaultMavenArtifactRepository_DecoratedBeanInfo
Event: 4.864 loading class org/gradle/api/internal/artifacts/repositories/DefaultMavenArtifactRepository_DecoratedBeanInfo done


Dynamic libraries:
0x000000013fd80000 - 0x000000013fdb1000 	D:\Hello\Android\Android Studio\jre\bin\java.exe
0x00000000777f0000 - 0x000000007798f000 	C:\windows\SYSTEM32\ntdll.dll
0x00000000776d0000 - 0x00000000777ef000 	C:\windows\system32\kernel32.dll
0x000007fefd8d0000 - 0x000007fefd93a000 	C:\windows\system32\KERNELBASE.dll
0x000007fefef60000 - 0x000007feff03b000 	C:\windows\system32\ADVAPI32.dll
0x000007feff2d0000 - 0x000007feff36f000 	C:\windows\system32\msvcrt.dll
0x000007fefee40000 - 0x000007fefee5f000 	C:\windows\SYSTEM32\sechost.dll
0x000007fefd9d0000 - 0x000007fefdafc000 	C:\windows\system32\RPCRT4.dll
0x00000000775d0000 - 0x00000000776ca000 	C:\windows\system32\USER32.dll
0x000007fefecc0000 - 0x000007fefed27000 	C:\windows\system32\GDI32.dll
0x000007feff7a0000 - 0x000007feff7ae000 	C:\windows\system32\LPK.dll
0x000007fefdb00000 - 0x000007fefdbc9000 	C:\windows\system32\USP10.dll
0x000007fef9810000 - 0x000007fef9a04000 	C:\windows\WinSxS\amd64_microsoft.windows.common-controls_6595b64144ccf1df_6.0.7601.18807_none_fa381d5f175bfb52\COMCTL32.dll
0x000007feff250000 - 0x000007feff2c1000 	C:\windows\system32\SHLWAPI.dll
0x000007fefdbd0000 - 0x000007fefdbfe000 	C:\windows\system32\IMM32.DLL
0x000007fefed30000 - 0x000007fefee39000 	C:\windows\system32\MSCTF.dll
0x000007fefd540000 - 0x000007fefd571000 	C:\Windows\system32\nvinitx.dll
0x000007fefd530000 - 0x000007fefd53c000 	C:\windows\system32\VERSION.dll
0x000000000f000000 - 0x000000000f006000 	C:\Program Files\NVIDIA Corporation\CoProcManager\detoured.dll
0x000007fef89e0000 - 0x000007fef8a11000 	C:\Program Files\NVIDIA Corporation\CoProcManager\nvd3d9wrapx.dll
0x000007feff5a0000 - 0x000007feff777000 	C:\windows\system32\SETUPAPI.dll
0x000007fefd7a0000 - 0x000007fefd7d6000 	C:\windows\system32\CFGMGR32.dll
0x000007fefe9f0000 - 0x000007fefeac7000 	C:\windows\system32\OLEAUT32.dll
0x000007feff040000 - 0x000007feff243000 	C:\windows\system32\ole32.dll
0x000007fefd800000 - 0x000007fefd81a000 	C:\windows\system32\DEVOBJ.dll
0x000007fef8650000 - 0x000007fef8672000 	C:\Program Files\NVIDIA Corporation\CoProcManager\nvdxgiwrapx.dll
0x000000006ea30000 - 0x000000006eb02000 	D:\Hello\Android\Android Studio\jre\jre\bin\msvcr100.dll
0x0000000066870000 - 0x00000000670b6000 	D:\Hello\Android\Android Studio\jre\jre\bin\server\jvm.dll
0x000007fef5440000 - 0x000007fef5449000 	C:\windows\system32\WSOCK32.dll
0x000007fefdc10000 - 0x000007fefdc5d000 	C:\windows\system32\WS2_32.dll
0x000007fefdc00000 - 0x000007fefdc08000 	C:\windows\system32\NSI.dll
0x000007fefa140000 - 0x000007fefa17b000 	C:\windows\system32\WINMM.dll
0x00000000779a0000 - 0x00000000779a7000 	C:\windows\system32\PSAPI.DLL
0x000007fef9060000 - 0x000007fef906f000 	D:\Hello\Android\Android Studio\jre\jre\bin\verify.dll
0x000007fef3710000 - 0x000007fef3739000 	D:\Hello\Android\Android Studio\jre\jre\bin\java.dll
0x000007feebdc0000 - 0x000007feebdd6000 	D:\Hello\Android\Android Studio\jre\jre\bin\zip.dll
0x000007fefdc60000 - 0x000007fefe9e8000 	C:\windows\system32\SHELL32.dll
0x000007fefd620000 - 0x000007fefd62f000 	C:\windows\system32\profapi.dll
0x000007fef4360000 - 0x000007fef437a000 	D:\Hello\Android\Android Studio\jre\jre\bin\net.dll
0x000007fefcd20000 - 0x000007fefcd75000 	C:\windows\system32\mswsock.dll
0x000007fefcd10000 - 0x000007fefcd17000 	C:\windows\System32\wship6.dll
0x000007feeab50000 - 0x000007feeab61000 	D:\Hello\Android\Android Studio\jre\jre\bin\nio.dll
0x000007fef7580000 - 0x000007fef75a6000 	C:\Users\Administrator\.gradle\native\30\windows-amd64\native-platform.dll
0x000007fefc620000 - 0x000007fefc623000 	C:\windows\system32\api-ms-win-core-synch-l1-2-0.DLL
0x000007fef9260000 - 0x000007fef926d000 	D:\Hello\Android\Android Studio\jre\jre\bin\management.dll
0x000007fefcd80000 - 0x000007fefcd98000 	C:\windows\system32\CRYPTSP.dll
0x000007fefca80000 - 0x000007fefcac7000 	C:\windows\system32\rsaenh.dll
0x000007fefd7e0000 - 0x000007fefd7fe000 	C:\windows\system32\USERENV.dll
0x000007fefd460000 - 0x000007fefd46f000 	C:\windows\system32\CRYPTBASE.dll
0x000007fefbe40000 - 0x000007fefbe67000 	C:\windows\system32\IPHLPAPI.DLL
0x000007fefbe20000 - 0x000007fefbe2b000 	C:\windows\system32\WINNSI.DLL
0x000007fefbc30000 - 0x000007fefbc48000 	C:\windows\system32\dhcpcsvc.DLL
0x000007fefbc10000 - 0x000007fefbc21000 	C:\windows\system32\dhcpcsvc6.DLL

VM Arguments:
jvm_args: -Xmx1536m -Dfile.encoding=GBK -Duser.country=CN -Duser.language=zh -Duser.variant 
java_command: org.gradle.launcher.daemon.bootstrap.GradleDaemon 6.0.1
java_class_path (initial): C:\Users\Administrator\.gradle\wrapper\dists\gradle-6.0.1-all\99d3u8wxs16ndehh90lbbir67\gradle-6.0.1\lib\gradle-launcher-6.0.1.jar
Launcher Type: SUN_STANDARD

Environment Variables:
JAVA_HOME=D:\Hello\Java\jdk1.8.0_144
CLASSPATH=.;D:\Hello\Java\jdk1.8.0_144\lib;D:\Hello\Java\jdk1.8.0_144\lib\tools.jar
PATH=D:\Install\Python36\Scripts\;D:\Install\Python36\;C:\ProgramData\Oracle\Java\javapath;C:\Program Files\Common Files\Microsoft Shared\Windows Live;C:\Windows\system32;C:\Windows;C:\Windows\System32\Wbem;C:\Windows\System32\WindowsPowerShell\v1.0\;C:\Program Files\Intel\WiFi\bin\;C:\Program Files\Common Files\Intel\WirelessCommon\;C:\Program Files (x86)\NVIDIA Corporation\PhysX\Common;D:\Hello\Java\jdk1.8.0_144\bin;D:\Hello\Java\jdk1.8.0_144\jre\bin;D:\Hello\Android\sdk\tools;D:\Hello\Android\sdk\platform-tools;D:\Install\Git\cmd;C:\Program Files\Common Files\Microsoft Shared\Windows Live;C:\Program Files\Intel\WiFi\bin\;C:\Program Files\Common Files\Intel\WirelessCommon\;D:\Install\BandZip\;D:\Install\Fiddler;D:\Hello\Android\Android Studio\gradle\gradle-4.4\bin
USERNAME=Administrator
OS=Windows_NT
PROCESSOR_IDENTIFIER=Intel64 Family 6 Model 60 Stepping 3, GenuineIntel



---------------  S Y S T E M  ---------------

OS: Windows 7 , 64 bit Build 7601 (6.1.7601.24384)

CPU:total 8 (initial active 8) (4 cores per cpu, 2 threads per core) family 6 model 60 stepping 3, cmov, cx8, fxsr, mmx, sse, sse2, sse3, ssse3, sse4.1, sse4.2, popcnt, avx, avx2, aes, clmul, erms, lzcnt, ht, tsc, tscinvbit, bmi1, bmi2

Memory: 4k page, physical 16661468k(1725912k free), swap 16659564k(6676k free)

vm_info: OpenJDK 64-Bit Server VM (25.202-b03) for windows-amd64 JRE (1.8.0_202-release-1483-b03), built by "builder" with MS VC++ 10.0 (VS2010)

time: Fri Jan 10 06:41:36 2020
timezone: 中国标准时间
elapsed time: 4 seconds (0d 0h 0m 4s)

